<?xml version="1.0" encoding="utf-8"?><testsuites name="pytest tests"><testsuite name="pytest" errors="0" failures="0" skipped="0" tests="14" time="90.135" timestamp="2026-08-24T15:32:48.366554+00:00" hostname="agent-env-17e652af-ecaa-472e-bc6e-83abdfb3a574"><testcase classname="tests.test_import.TestImportJob" name="test_job_completes" time="86.710" /><testcase classname="tests.test_import.TestImportJob" name="test_job_404_for_unknown_id" time="0.109" /><testcase classname="tests.test_import.TestImportedProject" name="test_core_fields" time="0.095" /><testcase classname="tests.test_import.TestImportedProject" name="test_property_present" time="0.000" /><testcase classname="tests.test_import.TestImportedProject" name="test_measures_with_uvalues" time="0.000" /><testcase classname="tests.test_import.TestImportedProject" name="test_readiness_and_completion" time="0.000" /><testcase classname="tests.test_import.TestImportedProject" name="test_items_before_issue_populated" time="0.000" /><testcase classname="tests.test_import.TestImportedProject" name="test_appears_in_projects_list" time="0.091" /><testcase classname="tests.test_import.TestImportedProject" name="test_design_pack_present" time="0.000" /><testcase classname="tests.test_import.TestDocuments" name="test_three_documents_linked" time="0.077" /><testcase classname="tests.test_import.TestDocuments" name="test_document_metadata" time="0.000" /><testcase classname="tests.test_import.TestDocuments" name="test_download_returns_bytes" time="2.727" /><testcase classname="tests.test_import.TestDocuments" name="test_download_404_unknown" time="0.085" /><testcase classname="tests.test_import.TestDocuments" name="test_documents_empty_for_seeded_project" time="0.167" /></testsuite></testsuites>