<?xml version="1.0" encoding="utf-8"?><testsuites name="pytest tests"><testsuite name="pytest" errors="0" failures="0" skipped="0" tests="16" time="51.494" timestamp="2026-08-27T09:21:50.534097+00:00" hostname="agent-env-17e652af-ecaa-472e-bc6e-83abdfb3a574"><testcase classname="tests.test_iter10.TestEvidenceLed" name="test_detect_200" time="20.616" /><testcase classname="tests.test_iter10.TestEvidenceLed" name="test_no_broken_fig" time="0.673" /><testcase classname="tests.test_iter10.TestEvidenceLed" name="test_source_label_for_non_photo_items" time="0.000" /><testcase classname="tests.test_iter10.TestEvidenceLed" name="test_persisted" time="0.069" /><testcase classname="tests.test_iter10.TestColdrushParse" name="test_parse_returns_count_and_maps" time="27.248" /><testcase classname="tests.test_iter10.TestColdrushParse" name="test_measures_have_products" time="0.078" /><testcase classname="tests.test_iter10.TestColdrushParse" name="test_parse_422_without_datasheets" time="0.072" /><testcase classname="tests.test_iter10.TestColdrushParse" name="test_parse_404_unknown" time="0.063" /><testcase classname="tests.test_iter10.TestColdrushParse" name="test_parse_requires_auth" time="0.196" /><testcase classname="tests.test_iter10.TestIsolation" name="test_coldrush_products_not_on_other_projects" time="0.205" /><testcase classname="tests.test_iter10.TestColdrushPack" name="test_specified_products_rendered" time="0.300" /><testcase classname="tests.test_iter10.TestColdrushPack" name="test_appendix_supporting_documents" time="0.001" /><testcase classname="tests.test_iter10.TestColdrushPack" name="test_toc_entry" time="0.001" /><testcase classname="tests.test_iter10.TestColdrushPack" name="test_pack_pdf" time="1.854" /><testcase classname="tests.test_iter10.TestTechnicalSurveyType" name="test_photo_doc_types_includes_technical_survey" time="0.001" /><testcase classname="tests.test_iter10.TestTechnicalSurveyType" name="test_import_accepts_technical_survey" time="0.059" /></testsuite></testsuites>