<?xml version="1.0" encoding="utf-8"?><testsuites name="pytest tests"><testsuite name="pytest" errors="0" failures="1" skipped="0" tests="4" time="2.955" timestamp="2026-08-25T13:46:35.546567+00:00" hostname="agent-env-17e652af-ecaa-472e-bc6e-83abdfb3a574"><testcase classname="tests.test_iter7_auth" name="test_bcrypt_hash_format" time="0.678" /><testcase classname="tests.test_iter7_auth" name="test_login_sets_httponly_secure_cookies" time="0.470" /><testcase classname="tests.test_iter7_auth" name="test_cors_credentials_explicit_origin" time="0.086"><failure message="AssertionError: credentials not allowed: None&#10;assert None == 'true'">tests/test_iter7_auth.py:57: in test_cors_credentials_explicit_origin
    assert acac == "true", f"credentials not allowed: {acac}"
E   AssertionError: credentials not allowed: None
E   assert None == 'true'</failure></testcase><testcase classname="tests.test_iter7_auth" name="test_brute_force_lockout_unknown_email" time="1.204" /></testsuite></testsuites>