<?xml version="1.0" encoding="utf-8"?><testsuites name="pytest tests"><testsuite name="pytest" errors="0" failures="0" skipped="0" tests="23" time="75.683" timestamp="2026-08-25T08:28:21.060611+00:00" hostname="agent-env-17e652af-ecaa-472e-bc6e-83abdfb3a574"><testcase classname="tests.test_import.TestImportedProject" name="test_core_fields" time="71.337" /><testcase classname="tests.test_import.TestImportedProject" name="test_property_present" time="0.000" /><testcase classname="tests.test_import.TestImportedProject" name="test_measures_with_uvalues" time="0.000" /><testcase classname="tests.test_import.TestImportedProject" name="test_readiness_and_completion" time="0.000" /><testcase classname="tests.test_import.TestImportedProject" name="test_items_before_issue_populated" time="0.000" /><testcase classname="tests.test_import.TestImportedProject" name="test_appears_in_projects_list" time="0.083" /><testcase classname="tests.test_import.TestImportedProject" name="test_design_pack_present" time="0.000" /><testcase classname="tests.test_import.TestImportedProject" name="test_post_returns_fast" time="0.000" /><testcase classname="tests.test_import.TestImportedProject" name="test_job_completes_under_2min" time="0.000" /><testcase classname="tests.test_import.TestImportedProject" name="test_design_pack_photos_from_pdfs" time="0.000" /><testcase classname="tests.test_import.TestImportedProject" name="test_photo_urls_download_images" time="2.380" /><testcase classname="tests.test_import.TestDocuments" name="test_three_documents_linked" time="72.412" /><testcase classname="tests.test_import.TestDocuments" name="test_document_metadata" time="0.000" /><testcase classname="tests.test_import.TestDocuments" name="test_download_returns_bytes" time="2.557" /><testcase classname="tests.test_import.TestImportedProject" name="test_window_schedule" time="0.000" /><testcase classname="tests.test_import.TestImportedProject" name="test_heat_loss" time="0.000" /><testcase classname="tests.test_import.TestImportedProject" name="test_property_detail_fields" time="0.000" /><testcase classname="tests.test_import.TestImportedProject" name="test_epc_bands_format" time="0.000" /><testcase classname="tests.test_import.TestImportedProject" name="test_items_before_issue_limited" time="0.000" /><testcase classname="tests.test_import.TestImportJob" name="test_job_completes" time="0.000" /><testcase classname="tests.test_import.TestImportJob" name="test_job_404_for_unknown_id" time="0.046" /><testcase classname="tests.test_import.TestDocuments" name="test_download_404_unknown" time="0.066" /><testcase classname="tests.test_import.TestDocuments" name="test_documents_empty_for_seeded_project" time="0.152" /></testsuite></testsuites>