<?xml version="1.0" encoding="utf-8"?><testsuites name="pytest tests"><testsuite name="pytest" errors="0" failures="0" skipped="0" tests="12" time="5.532" timestamp="2026-08-25T13:31:57.927806+00:00" hostname="agent-env-17e652af-ecaa-472e-bc6e-83abdfb3a574"><testcase classname="tests.test_iter6_pack" name="test_pack_requires_auth" time="0.176" /><testcase classname="tests.test_iter6_pack" name="test_login_sets_httponly_cookie" time="0.508" /><testcase classname="tests.test_iter6_pack" name="test_defects_section_present" time="1.579" /><testcase classname="tests.test_iter6_pack" name="test_defects_table_headers_and_rows" time="0.001" /><testcase classname="tests.test_iter6_pack" name="test_contents_page_lists_01_to_09" time="0.001" /><testcase classname="tests.test_iter6_pack" name="test_printed_section_labels_ascending_and_match_contents" time="0.002" /><testcase classname="tests.test_iter6_pack" name="test_section_04_and_divider_present" time="0.001" /><testcase classname="tests.test_iter6_pack" name="test_page_count" time="0.022" /><testcase classname="tests.test_iter6_pack" name="test_pack_pdf" time="2.331" /><testcase classname="tests.test_iter6_pack" name="test_projects_list_has_8" time="0.090" /><testcase classname="tests.test_iter6_pack" name="test_import_endpoint_responds" time="0.076" /><testcase classname="tests.test_iter6_pack" name="test_project_get_no_objectid" time="0.075" /></testsuite></testsuites>