<?xml version="1.0" encoding="utf-8"?><testsuites name="pytest tests"><testsuite name="pytest" errors="0" failures="0" skipped="0" tests="13" time="22.381" timestamp="2026-08-26T09:10:28.337446+00:00" hostname="agent-env-17e652af-ecaa-472e-bc6e-83abdfb3a574"><testcase classname="tests.test_iter8_heritage_pack.TestHeritageLookup" name="test_lookup_designated" time="1.316" /><testcase classname="tests.test_iter8_heritage_pack.TestHeritageLookup" name="test_lookup_persisted" time="0.087" /><testcase classname="tests.test_iter8_heritage_pack.TestHeritageLookup" name="test_lookup_404_unknown_project" time="0.072" /><testcase classname="tests.test_iter8_heritage_pack.TestHeritageLookup" name="test_lookup_422_without_postcode" time="0.194" /><testcase classname="tests.test_iter8_heritage_pack.TestPackHeritage" name="test_heritage_page_present" time="11.250" /><testcase classname="tests.test_iter8_heritage_pack.TestPackHeritage" name="test_toc_subrow" time="0.001" /><testcase classname="tests.test_iter8_heritage_pack.TestPackHeritage" name="test_designation_chip" time="0.000" /><testcase classname="tests.test_iter8_heritage_pack" name="test_heritage_requires_auth" time="0.176" /><testcase classname="tests.test_iter8_heritage_pack" name="test_pack_pdf" time="8.552" /><testcase classname="tests.test_iter8_heritage_pack.TestPackPhotos" name="test_per_measure_survey_strips" time="13.441" /><testcase classname="tests.test_iter8_heritage_pack.TestPackPhotos" name="test_embedded_data_uris" time="0.004" /><testcase classname="tests.test_iter8_heritage_pack.TestPackPhotos" name="test_defects_section_with_photos" time="0.036" /><testcase classname="tests.test_iter8_heritage_pack.TestPackPhotos" name="test_page_count" time="0.002" /></testsuite></testsuites>