<?xml version="1.0" encoding="utf-8"?><testsuites name="pytest tests"><testsuite name="pytest" errors="0" failures="0" skipped="1" tests="14" time="21.988" timestamp="2026-08-25T12:54:27.880299+00:00" hostname="agent-env-17e652af-ecaa-472e-bc6e-83abdfb3a574"><testcase classname="tests.test_iter5.TestAuth" name="test_protected_route_requires_auth" time="0.624" /><testcase classname="tests.test_iter5.TestPartner" name="test_partner_patch_persist_and_dashboard" time="1.338" /><testcase classname="tests.test_iter5.TestAuth" name="test_login_sets_httponly_secure_cookies" time="0.354" /><testcase classname="tests.test_iter5.TestPartner" name="test_partner_empty_falls_back" time="0.514" /><testcase classname="tests.test_iter5.TestAuth" name="test_me_and_bad_password" time="0.806" /><testcase classname="tests.test_iter5.TestAuth" name="test_bcrypt_hash_format" time="0.063" /><testcase classname="tests.test_iter5.TestAuth" name="test_brute_force_lockout" time="0.676" /><testcase classname="tests.test_iter5.TestPartner" name="test_disallowed_path_rejected" time="0.264" /><testcase classname="tests.test_iter5.TestPartner" name="test_field_patch_unknown_project_404" time="0.109" /><testcase classname="tests.test_iter5.TestImportJobs" name="test_unknown_job_404" time="0.107" /><testcase classname="tests.test_iter5.TestImportJobs" name="test_import_creates_persisted_job_record" time="19.086"><skipped type="pytest.skip" message="garbage import unexpectedly produced project 4b6ae049-edf8-4e6a-b05e-ac8ca7a547aa">/app/backend/tests/test_iter5.py:237: garbage import unexpectedly produced project 4b6ae049-edf8-4e6a-b05e-ac8ca7a547aa</skipped></testcase><testcase classname="tests.test_iter5.TestAuth" name="test_cors_credentials_not_wildcard" time="0.031" /><testcase classname="tests.test_iter5.TestBuildupAndUValues" name="test_buildup_array_add_remove_persist" time="2.114" /><testcase classname="tests.test_iter5.TestBuildupAndUValues" name="test_u_values_editable" time="0.756" /></testsuite></testsuites>