<?xml version="1.0" encoding="utf-8"?><testsuites name="pytest tests"><testsuite name="pytest" errors="0" failures="0" skipped="0" tests="9" time="48.462" timestamp="2026-09-01T12:29:16.780787+00:00" hostname="agent-env-17e652af-ecaa-472e-bc6e-83abdfb3a574"><testcase classname="tests.test_iter17_cad_floorplan.TestAutoDetectCad" name="test_no_detect_error" time="32.075" /><testcase classname="tests.test_iter17_cad_floorplan.TestAutoDetectCad" name="test_markers_preserved" time="0.000" /><testcase classname="tests.test_iter17_cad_floorplan.TestAutoDetectCad" name="test_autodetected_flag_and_source" time="0.000" /><testcase classname="tests.test_iter17_cad_floorplan.TestAutoDetectCad" name="test_cad_svg_present_and_non_empty" time="0.000" /><testcase classname="tests.test_iter17_cad_floorplan.TestAutoDetectCad" name="test_cad_data_rooms" time="0.000" /><testcase classname="tests.test_iter17_cad_floorplan.TestAutoDetectCad" name="test_image_url_still_downloadable" time="0.392" /><testcase classname="tests.test_iter17_cad_floorplan.TestNoOrphanDocs" name="test_single_floor_plan_document" time="0.077" /><testcase classname="tests.test_iter17_cad_floorplan.TestPack" name="test_pack_pdf_200_and_non_trivial" time="15.680" /><testcase classname="tests.test_iter17_cad_floorplan.TestCleanup" name="test_reset_markers" time="0.170" /></testsuite></testsuites>