<?xml version="1.0" encoding="utf-8"?><testsuites name="pytest tests"><testsuite name="pytest" errors="0" failures="0" skipped="0" tests="12" time="14.818" timestamp="2026-09-01T09:26:03.760860+00:00" hostname="agent-env-17e652af-ecaa-472e-bc6e-83abdfb3a574"><testcase classname="tests.test_iter14_specs_links.TestDatasheetSpecs" name="test_coldrush_products_have_specs_field" time="0.626" /><testcase classname="tests.test_iter14_specs_links.TestDatasheetSpecs" name="test_client_catalog_products_have_specs" time="0.121" /><testcase classname="tests.test_iter14_specs_links.TestCoreReads" name="test_login_and_me" time="0.743" /><testcase classname="tests.test_iter14_specs_links.TestCoreReads" name="test_dashboard" time="0.239" /><testcase classname="tests.test_iter14_specs_links.TestDatasheetSpecs" name="test_apply_client_library_keeps_specs" time="0.175" /><testcase classname="tests.test_iter14_specs_links.TestPack" name="test_marsh_end_pack_html" time="0.217" /><testcase classname="tests.test_iter14_specs_links.TestCoreReads" name="test_projects_list" time="0.158" /><testcase classname="tests.test_iter14_specs_links.TestPack" name="test_marsh_end_pack_pdf_and_appendix_links" time="7.488" /><testcase classname="tests.test_iter14_specs_links.TestCoreReads" name="test_project_detail[a559329c-7ee0-4d55-9d04-7a3aa8a7fecc]" time="0.071" /><testcase classname="tests.test_iter14_specs_links.TestCoreReads" name="test_project_detail[a9713cce-9685-4f8b-b300-c222a5903776]" time="0.069" /><testcase classname="tests.test_iter14_specs_links.TestPack" name="test_coldrush_pack_pdf_shows_key_specs" time="5.289" /><testcase classname="tests.test_iter14_specs_links.TestImageShrink" name="test_shrink_image_helper" time="0.275" /></testsuite></testsuites>