<?xml version="1.0" encoding="utf-8"?><testsuites name="pytest tests"><testsuite name="pytest" errors="0" failures="0" skipped="0" tests="11" time="6.360" timestamp="2026-08-25T13:47:40.485089+00:00" hostname="agent-env-17e652af-ecaa-472e-bc6e-83abdfb3a574"><testcase classname="tests.test_iter7_defects.TestDefectAuth" name="test_add_defect_unauthenticated" time="0.895" /><testcase classname="tests.test_iter7_auth" name="test_bcrypt_hash_format" time="0.793" /><testcase classname="tests.test_iter7_auth" name="test_login_sets_httponly_secure_cookies" time="0.430" /><testcase classname="tests.test_iter7_defects.TestDefectAuth" name="test_update_defect_unauthenticated" time="0.322" /><testcase classname="tests.test_iter7_defects.TestDefectAuth" name="test_delete_defect_unauthenticated" time="0.159" /><testcase classname="tests.test_iter7_auth" name="test_cors_credentials_echo_origin_on_actual_request" time="0.422" /><testcase classname="tests.test_iter7_defects.TestDefectAuth" name="test_photo_unauthenticated" time="0.263" /><testcase classname="tests.test_iter7_auth" name="test_brute_force_lockout_unknown_email" time="2.981" /><testcase classname="tests.test_iter7_defects.TestDefectCrud" name="test_full_lifecycle" time="3.202" /><testcase classname="tests.test_iter7_defects.TestDefectCrud" name="test_unknown_project_404" time="0.082" /><testcase classname="tests.test_iter7_defects.TestDefectCrud" name="test_pack_fallback_rows" time="0.961" /></testsuite></testsuites>