<?xml version="1.0" encoding="utf-8"?><testsuites name="pytest tests"><testsuite name="pytest" errors="0" failures="0" skipped="0" tests="6" time="11.956" timestamp="2026-09-01T12:10:03.214834+00:00" hostname="agent-env-17e652af-ecaa-472e-bc6e-83abdfb3a574"><testcase classname="tests.test_iter16_floorplan.TestFloorPlan" name="test_unauthenticated_blocked" time="0.296" /><testcase classname="tests.test_iter16_floorplan.TestFloorPlan" name="test_project_exists_and_no_mongo_id" time="0.495" /><testcase classname="tests.test_iter16_floorplan.TestFloorPlan" name="test_autodetect_404_for_unknown_project" time="0.072" /><testcase classname="tests.test_iter16_floorplan.TestFloorPlan" name="test_autodetect_flow" time="10.294" /><testcase classname="tests.test_iter16_floorplan.TestFloorPlan" name="test_floorplan_image_downloadable" time="0.404" /><testcase classname="tests.test_iter16_floorplan.TestFloorPlan" name="test_update_markers_persists" time="0.317" /></testsuite></testsuites>