<?xml version="1.0" encoding="utf-8"?><testsuites name="pytest tests"><testsuite name="pytest" errors="0" failures="0" skipped="0" tests="34" time="32.082" timestamp="2026-08-27T08:48:25.692859+00:00" hostname="agent-env-17e652af-ecaa-472e-bc6e-83abdfb3a574"><testcase classname="tests.test_iter9_site_conditions.TestDatasheetParse" name="test_parse_returns_products_and_measures" time="8.122" /><testcase classname="tests.test_iter9_site_conditions.TestDatasheetParse" name="test_parse_persists_products" time="7.316" /><testcase classname="tests.test_iter9_site_conditions.TestDatasheetParse" name="test_no_cross_project_leak" time="4.834" /><testcase classname="tests.test_iter9_site_conditions.TestDatasheetParse" name="test_parse_without_datasheets_422" time="0.050" /><testcase classname="tests.test_iter9_site_conditions.TestDatasheetParse" name="test_parse_unknown_project_404" time="0.046" /><testcase classname="tests.backend_test.TestPatchField" name="test_patch_simple_field_and_persist" time="0.624" /><testcase classname="tests.backend_test.TestPatchField" name="test_patch_nested_dotted_path" time="0.168" /><testcase classname="tests.test_iter9_site_conditions.TestSiteConditionDetection" name="test_detect_returns_evidence" time="21.133" /><testcase classname="tests.test_iter9_site_conditions.TestSiteConditionDetection" name="test_evidence_item_shape" time="0.000" /><testcase classname="tests.test_iter9_site_conditions.TestSiteConditionDetection" name="test_evidence_fig_maps_to_real_photo" time="1.691" /><testcase classname="tests.backend_test.TestPatchField" name="test_patch_unknown_project" time="0.562" /><testcase classname="tests.backend_test.TestPatchField" name="test_patch_invalid_payload" time="0.048" /><testcase classname="tests.backend_test.TestPatchField" name="test_patch_empty_path_rejected" time="0.313" /><testcase classname="tests.test_iter9_site_conditions.TestAuthGuard" name="test_detect_requires_auth" time="0.737" /><testcase classname="tests.test_iter9_site_conditions.TestSiteConditionDetection" name="test_unevidenced_conditions_are_null" time="0.000" /><testcase classname="tests.test_iter9_site_conditions.TestSiteConditionDetection" name="test_detect_persists_on_project" time="0.046" /><testcase classname="tests.test_iter9_site_conditions.TestAuthGuard" name="test_save_requires_auth" time="0.185" /><testcase classname="tests.test_iter9_site_conditions.TestSiteConditionDetection" name="test_detect_without_photos_returns_422" time="0.060" /><testcase classname="tests.test_iter9_site_conditions.TestSiteConditionDetection" name="test_detect_unknown_project_404" time="0.047" /><testcase classname="tests.test_iter9_site_conditions.TestPackRendering" name="test_pack_html_has_new_sections" time="3.830" /><testcase classname="tests.test_iter9_site_conditions.TestAuthGuard" name="test_parse_requires_auth" time="0.163" /><testcase classname="tests.test_iter9_site_conditions.TestSaveSiteConditions" name="test_save_and_persist" time="0.592" /><testcase classname="tests.test_iter9_site_conditions.TestSaveSiteConditions" name="test_save_unknown_project_404" time="0.053" /><testcase classname="tests.test_iter9_site_conditions.TestSaveSiteConditions" name="test_save_rejects_bad_payload" time="0.053" /><testcase classname="tests.backend_test.TestProjectDetail" name="test_hero_project_structure" time="0.476" /><testcase classname="tests.backend_test.TestProjectDetail" name="test_light_project_detail" time="0.062" /><testcase classname="tests.backend_test.TestProjectDetail" name="test_project_not_found" time="0.065" /><testcase classname="tests.backend_test.TestDashboard" name="test_dashboard_stats" time="0.087" /><testcase classname="tests.backend_test.TestDashboard" name="test_dashboard_projects_sorted_and_clean" time="0.092" /><testcase classname="tests.test_iter9_site_conditions.TestConditionsDriveCompliance" name="test_loft_conditions_change_pack_clauses" time="1.224" /><testcase classname="tests.backend_test.TestHealth" name="test_root" time="0.471" /><testcase classname="tests.backend_test.TestProjectsList" name="test_list_projects" time="0.118" /><testcase classname="tests.test_iter9_site_conditions.TestPackRendering" name="test_pack_pdf_ok" time="4.387" /><testcase classname="tests.test_iter9_site_conditions.TestPackRendering" name="test_pack_html_other_project_no_appendix" time="0.269" /></testsuite></testsuites>