<?xml version="1.0" encoding="utf-8"?><testsuites name="pytest tests"><testsuite name="pytest" errors="0" failures="0" skipped="0" tests="60" time="47.110" timestamp="2026-09-01T09:27:44.505012+00:00" hostname="agent-env-17e652af-ecaa-472e-bc6e-83abdfb3a574"><testcase classname="tests.test_iter13_refactor_regression.TestHeritageSolar" name="test_heritage_lookup" time="1.084" /><testcase classname="tests.test_iter13_refactor_regression.TestProjectMutations" name="test_field_patch_and_restore" time="1.064" /><testcase classname="tests.test_iter13_refactor_regression.TestProjectMutations" name="test_field_patch_disallowed_path" time="0.544" /><testcase classname="tests.test_iter13_refactor_regression.TestHeritageSolar" name="test_heritage_requires_postcode" time="0.052" /><testcase classname="tests.test_iter13_refactor_regression.TestHeritageSolar" name="test_heritage_missing_project" time="0.085" /><testcase classname="tests.test_iter13_refactor_regression.TestHeritageSolar" name="test_solar_lookup" time="3.166" /><testcase classname="tests.test_iter13_refactor_regression.TestProjectMutations" name="test_field_patch_404" time="0.070" /><testcase classname="tests.test_iter13_refactor_regression.TestProjectMutations" name="test_custom_sections_crud" time="0.286" /><testcase classname="tests.test_iter13_refactor_regression.TestProjectMutations" name="test_ventilation_put_and_restore" time="0.355" /><testcase classname="tests.test_iter13_refactor_regression.TestProjectMutations" name="test_floorplan_upload_and_markers" time="0.703" /><testcase classname="tests.test_iter13_refactor_regression.TestProjectMutations" name="test_floorplan_rejects_non_image" time="0.066" /><testcase classname="tests.test_iter13_refactor_regression.TestProjectMutations" name="test_item_confirm_toggle" time="0.212" /><testcase classname="tests.test_iter13_refactor_regression.TestProjectMutations" name="test_item_confirm_bad_index" time="0.064" /><testcase classname="tests.test_iter13_refactor_regression.TestProjectMutations" name="test_apply_client_library" time="0.065" /><testcase classname="tests.test_iter13_refactor_regression.TestProjectMutations" name="test_import_job_404" time="0.070" /><testcase classname="tests.test_iter13_refactor_regression.TestMiscEndpoints" name="test_photos_put_snapshot_restore" time="0.354" /><testcase classname="tests.test_iter13_refactor_regression.TestMiscEndpoints" name="test_confirm_all_toggle" time="0.154" /><testcase classname="tests.test_iter13_refactor_regression.TestMiscEndpoints" name="test_upload_project_document" time="0.803" /><testcase classname="tests.test_iter13_refactor_regression.TestHeritageSolar" name="test_solar_requires_postcode" time="0.089" /><testcase classname="tests.test_iter13_refactor_regression.TestHeritageSolar" name="test_pv_apply" time="0.722" /><testcase classname="tests.test_iter13_refactor_regression.TestMiscEndpoints" name="test_extract_photos_requires_input" time="0.065" /><testcase classname="tests.test_iter13_refactor_regression.TestMiscEndpoints" name="test_datasheets_parse" time="0.068" /><testcase classname="tests.test_iter13_refactor_regression.TestMiscEndpoints" name="test_template_analyze_accepted" time="0.341" /><testcase classname="tests.test_iter13_refactor_regression.TestHeritageSolar" name="test_pv_apply_requires_solar" time="0.051" /><testcase classname="tests.test_iter13_refactor_regression.TestHeritageSolar" name="test_pv_apply_without_solar" time="0.050" /><testcase classname="tests.test_iter13_refactor_regression.TestMiscEndpoints" name="test_design_considerations_generate" time="38.922" /><testcase classname="tests.test_iter13_refactor_regression.TestCoreReads" name="test_root" time="0.090" /><testcase classname="tests.test_iter13_refactor_regression.TestCoreReads" name="test_dashboard" time="1.706" /><testcase classname="tests.test_iter13_refactor_regression.TestCoreReads" name="test_projects_list" time="0.158" /><testcase classname="tests.test_iter13_refactor_regression.TestCoreReads" name="test_project_detail" time="0.048" /><testcase classname="tests.test_iter13_refactor_regression.TestCoreReads" name="test_project_404" time="0.052" /><testcase classname="tests.test_iter13_refactor_regression.TestClients" name="test_list_clients" time="0.045" /><testcase classname="tests.test_iter13_refactor_regression.TestClients" name="test_get_coldrush_client" time="0.053" /><testcase classname="tests.test_iter13_refactor_regression.TestClients" name="test_client_404" time="0.044" /><testcase classname="tests.test_iter13_refactor_regression.TestClients" name="test_create_patch_archive_client" time="0.437" /><testcase classname="tests.test_iter13_refactor_regression.TestClients" name="test_create_client_blank_name" time="0.053" /><testcase classname="tests.test_iter13_refactor_regression.TestDefects" name="test_defect_crud_cycle" time="0.317" /><testcase classname="tests.test_iter13_refactor_regression.TestDefects" name="test_defect_update_404" time="0.056" /><testcase classname="tests.test_iter13_refactor_regression.TestDefects" name="test_defect_on_missing_project" time="0.051" /><testcase classname="tests.test_iter13_refactor_regression.TestDefects" name="test_auto_match_photos" time="0.046" /><testcase classname="tests.test_iter13_refactor_regression.TestDocuments" name="test_list_project_documents" time="0.060" /><testcase classname="tests.test_iter13_refactor_regression.TestDocuments" name="test_download_document" time="0.346" /><testcase classname="tests.test_iter13_refactor_regression.TestDocuments" name="test_download_404" time="0.045" /><testcase classname="tests.test_iter13_refactor_regression.TestSiteConditions" name="test_put_and_restore_site_conditions" time="0.207" /><testcase classname="tests.test_iter13_refactor_regression.TestSiteConditions" name="test_detect_requires_photos" time="0.052" /><testcase classname="tests.test_iter13_refactor_regression.TestSiteConditions" name="test_detect_site_conditions" time="19.829" /><testcase classname="tests.test_iter13_refactor_regression.TestMeasureEvidence" name="test_upload_and_delete_evidence_photo" time="0.175" /><testcase classname="tests.test_iter13_refactor_regression.TestMeasureEvidence" name="test_evidence_bad_measure_index" time="0.051" /><testcase classname="tests.test_iter13_refactor_regression.TestMeasureEvidence" name="test_evidence_rejects_non_image" time="0.052" /><testcase classname="tests.test_iter13_refactor_regression.TestPack" name="test_pack_html" time="0.249" /><testcase classname="tests.test_iter13_refactor_regression.TestPack" name="test_pack_pdf" time="6.373" /><testcase classname="tests.test_iter13_refactor_regression.TestPack" name="test_pack_pdf_404" time="0.048" /><testcase classname="tests.test_iter13_refactor_regression.TestTemplates" name="test_list_and_get" time="0.186" /><testcase classname="tests.test_iter13_refactor_regression.TestTemplates" name="test_template_404" time="0.049" /><testcase classname="tests.test_iter13_refactor_regression.TestAuth" name="test_unauthenticated_is_401" time="0.173" /><testcase classname="tests.test_iter13_refactor_regression.TestAuth" name="test_login_sets_httponly_cookie" time="0.335" /><testcase classname="tests.test_iter13_refactor_regression.TestAuth" name="test_login_bad_password" time="0.340" /><testcase classname="tests.test_iter13_refactor_regression.TestAuth" name="test_me" time="0.073" /><testcase classname="tests.test_iter13_refactor_regression.TestAuth" name="test_refresh_and_logout" time="0.700" /><testcase classname="tests.test_iter13_refactor_regression.TestAuth" name="test_brute_force_lockout" time="0.741" /></testsuite></testsuites>