<?xml version="1.0" encoding="utf-8"?><testsuites name="pytest tests"><testsuite name="pytest" errors="0" failures="0" skipped="0" tests="12" time="1.131" timestamp="2026-08-25T08:27:49.104759+00:00" hostname="agent-env-17e652af-ecaa-472e-bc6e-83abdfb3a574"><testcase classname="tests.backend_test.TestProjectDetail" name="test_hero_project_structure" time="0.136" /><testcase classname="tests.backend_test.TestPatchField" name="test_patch_simple_field_and_persist" time="0.303" /><testcase classname="tests.backend_test.TestProjectDetail" name="test_light_project_detail" time="0.047" /><testcase classname="tests.backend_test.TestProjectDetail" name="test_project_not_found" time="0.046" /><testcase classname="tests.backend_test.TestDashboard" name="test_dashboard_stats" time="0.057" /><testcase classname="tests.backend_test.TestDashboard" name="test_dashboard_projects_sorted_and_clean" time="0.058" /><testcase classname="tests.backend_test.TestPatchField" name="test_patch_nested_dotted_path" time="0.163" /><testcase classname="tests.backend_test.TestHealth" name="test_root" time="0.045" /><testcase classname="tests.backend_test.TestProjectsList" name="test_list_projects" time="0.078" /><testcase classname="tests.backend_test.TestPatchField" name="test_patch_unknown_project" time="0.056" /><testcase classname="tests.backend_test.TestPatchField" name="test_patch_invalid_payload" time="0.053" /><testcase classname="tests.backend_test.TestPatchField" name="test_patch_empty_path_rejected" time="0.054" /></testsuite></testsuites>