<?xml version="1.0" encoding="utf-8"?><testsuites name="pytest tests"><testsuite name="pytest" errors="0" failures="0" skipped="0" tests="60" time="46.748" timestamp="2026-09-01T08:50:32.383845+00:00" hostname="agent-env-17e652af-ecaa-472e-bc6e-83abdfb3a574"><testcase classname="tests.test_iter13_refactor_regression.TestProjectMutations" name="test_field_patch_and_restore" time="0.949" /><testcase classname="tests.test_iter13_refactor_regression.TestHeritageSolar" name="test_heritage_lookup" time="1.324" /><testcase classname="tests.test_iter13_refactor_regression.TestProjectMutations" name="test_field_patch_disallowed_path" time="0.278" /><testcase classname="tests.test_iter13_refactor_regression.TestProjectMutations" name="test_field_patch_404" time="0.116" /><testcase classname="tests.test_iter13_refactor_regression.TestHeritageSolar" name="test_heritage_requires_postcode" time="0.075" /><testcase classname="tests.test_iter13_refactor_regression.TestProjectMutations" name="test_custom_sections_crud" time="0.286" /><testcase classname="tests.test_iter13_refactor_regression.TestHeritageSolar" name="test_heritage_missing_project" time="0.073" /><testcase classname="tests.test_iter13_refactor_regression.TestHeritageSolar" name="test_solar_lookup" time="3.271" /><testcase classname="tests.test_iter13_refactor_regression.TestProjectMutations" name="test_ventilation_put_and_restore" time="0.353" /><testcase classname="tests.test_iter13_refactor_regression.TestProjectMutations" name="test_floorplan_upload_and_markers" time="0.729" /><testcase classname="tests.test_iter13_refactor_regression.TestProjectMutations" name="test_floorplan_rejects_non_image" time="0.075" /><testcase classname="tests.test_iter13_refactor_regression.TestProjectMutations" name="test_item_confirm_toggle" time="0.220" /><testcase classname="tests.test_iter13_refactor_regression.TestProjectMutations" name="test_item_confirm_bad_index" time="0.076" /><testcase classname="tests.test_iter13_refactor_regression.TestProjectMutations" name="test_apply_client_library" time="0.073" /><testcase classname="tests.test_iter13_refactor_regression.TestProjectMutations" name="test_import_job_404" time="0.075" /><testcase classname="tests.test_iter13_refactor_regression.TestMiscEndpoints" name="test_photos_put_snapshot_restore" time="0.365" /><testcase classname="tests.test_iter13_refactor_regression.TestMiscEndpoints" name="test_confirm_all_toggle" time="0.161" /><testcase classname="tests.test_iter13_refactor_regression.TestMiscEndpoints" name="test_upload_project_document" time="0.479" /><testcase classname="tests.test_iter13_refactor_regression.TestMiscEndpoints" name="test_extract_photos_requires_input" time="0.070" /><testcase classname="tests.test_iter13_refactor_regression.TestMiscEndpoints" name="test_datasheets_parse" time="0.071" /><testcase classname="tests.test_iter13_refactor_regression.TestMiscEndpoints" name="test_template_analyze_accepted" time="0.345" /><testcase classname="tests.test_iter13_refactor_regression.TestMiscEndpoints" name="test_design_considerations_generate" time="35.400" /><testcase classname="tests.test_iter13_refactor_regression.TestHeritageSolar" name="test_solar_requires_postcode" time="0.073" /><testcase classname="tests.test_iter13_refactor_regression.TestHeritageSolar" name="test_pv_apply" time="1.848" /><testcase classname="tests.test_iter13_refactor_regression.TestHeritageSolar" name="test_pv_apply_requires_solar" time="0.073" /><testcase classname="tests.test_iter13_refactor_regression.TestHeritageSolar" name="test_pv_apply_without_solar" time="0.073" /><testcase classname="tests.test_iter13_refactor_regression.TestCoreReads" name="test_root" time="0.075" /><testcase classname="tests.test_iter13_refactor_regression.TestCoreReads" name="test_dashboard" time="0.142" /><testcase classname="tests.test_iter13_refactor_regression.TestCoreReads" name="test_projects_list" time="0.230" /><testcase classname="tests.test_iter13_refactor_regression.TestCoreReads" name="test_project_detail" time="0.072" /><testcase classname="tests.test_iter13_refactor_regression.TestCoreReads" name="test_project_404" time="0.091" /><testcase classname="tests.test_iter13_refactor_regression.TestClients" name="test_list_clients" time="0.075" /><testcase classname="tests.test_iter13_refactor_regression.TestClients" name="test_get_coldrush_client" time="0.077" /><testcase classname="tests.test_iter13_refactor_regression.TestClients" name="test_client_404" time="0.075" /><testcase classname="tests.test_iter13_refactor_regression.TestClients" name="test_create_patch_archive_client" time="0.598" /><testcase classname="tests.test_iter13_refactor_regression.TestClients" name="test_create_client_blank_name" time="0.071" /><testcase classname="tests.test_iter13_refactor_regression.TestDefects" name="test_defect_crud_cycle" time="0.733" /><testcase classname="tests.test_iter13_refactor_regression.TestDefects" name="test_defect_update_404" time="0.070" /><testcase classname="tests.test_iter13_refactor_regression.TestDefects" name="test_defect_on_missing_project" time="0.081" /><testcase classname="tests.test_iter13_refactor_regression.TestDefects" name="test_auto_match_photos" time="0.074" /><testcase classname="tests.test_iter13_refactor_regression.TestDocuments" name="test_list_project_documents" time="0.071" /><testcase classname="tests.test_iter13_refactor_regression.TestDocuments" name="test_download_document" time="0.618" /><testcase classname="tests.test_iter13_refactor_regression.TestDocuments" name="test_download_404" time="0.073" /><testcase classname="tests.test_iter13_refactor_regression.TestSiteConditions" name="test_put_and_restore_site_conditions" time="0.310" /><testcase classname="tests.test_iter13_refactor_regression.TestSiteConditions" name="test_detect_requires_photos" time="0.074" /><testcase classname="tests.test_iter13_refactor_regression.TestSiteConditions" name="test_detect_site_conditions" time="27.075" /><testcase classname="tests.test_iter13_refactor_regression.TestMeasureEvidence" name="test_upload_and_delete_evidence_photo" time="0.238" /><testcase classname="tests.test_iter13_refactor_regression.TestMeasureEvidence" name="test_evidence_bad_measure_index" time="0.075" /><testcase classname="tests.test_iter13_refactor_regression.TestMeasureEvidence" name="test_evidence_rejects_non_image" time="0.071" /><testcase classname="tests.test_iter13_refactor_regression.TestPack" name="test_pack_html" time="0.283" /><testcase classname="tests.test_iter13_refactor_regression.TestPack" name="test_pack_pdf" time="7.633" /><testcase classname="tests.test_iter13_refactor_regression.TestAuth" name="test_unauthenticated_is_401" time="0.208" /><testcase classname="tests.test_iter13_refactor_regression.TestAuth" name="test_login_sets_httponly_cookie" time="0.569" /><testcase classname="tests.test_iter13_refactor_regression.TestAuth" name="test_login_bad_password" time="0.588" /><testcase classname="tests.test_iter13_refactor_regression.TestAuth" name="test_me" time="0.092" /><testcase classname="tests.test_iter13_refactor_regression.TestAuth" name="test_refresh_and_logout" time="0.745" /><testcase classname="tests.test_iter13_refactor_regression.TestAuth" name="test_brute_force_lockout" time="0.834" /><testcase classname="tests.test_iter13_refactor_regression.TestPack" name="test_pack_pdf_404" time="0.067" /><testcase classname="tests.test_iter13_refactor_regression.TestTemplates" name="test_list_and_get" time="0.239" /><testcase classname="tests.test_iter13_refactor_regression.TestTemplates" name="test_template_404" time="0.072" /></testsuite></testsuites>