<?xml version="1.0" encoding="utf-8"?><testsuites name="pytest tests"><testsuite name="pytest" errors="0" failures="0" skipped="0" tests="13" time="14.058" timestamp="2026-08-27T09:54:09.810445+00:00" hostname="agent-env-17e652af-ecaa-472e-bc6e-83abdfb3a574"><testcase classname="tests.test_iter11_clients.TestApplyClientLibrary" name="test_apply_idempotent_3x" time="1.786" /><testcase classname="tests.test_iter11_clients.TestClientsCrud" name="test_list_clients" time="1.624" /><testcase classname="tests.test_iter11_clients.TestClientsCrud" name="test_create_dedupe_archive_restore" time="1.066" /><testcase classname="tests.test_iter11_clients.TestApplyClientLibrary" name="test_isolation_client_without_library" time="0.322" /><testcase classname="tests.test_iter11_clients.TestApplyClientLibrary" name="test_apply_404_and_no_client" time="0.078" /><testcase classname="tests.test_iter11_clients.TestAuthGate" name="test_clients_requires_auth" time="0.198" /><testcase classname="tests.test_iter11_clients.TestAuthGate" name="test_apply_requires_auth" time="0.232" /><testcase classname="tests.test_iter11_clients.TestPack" name="test_pack_html_has_products_and_appendix" time="0.371" /><testcase classname="tests.test_iter11_clients.TestClientsCrud" name="test_get_client_detail" time="0.082" /><testcase classname="tests.test_iter11_clients.TestClientsCrud" name="test_get_client_404" time="0.078" /><testcase classname="tests.test_iter11_clients.TestPack" name="test_pack_pdf" time="1.677" /><testcase classname="tests.test_iter11_upload" name="test_upload_and_delete_client_datasheet" time="8.813" /><testcase classname="tests.test_iter11_upload" name="test_coldrush_untouched" time="0.070" /></testsuite></testsuites>