<?xml version="1.0" encoding="utf-8"?><testsuites name="pytest tests"><testsuite name="pytest" errors="0" failures="2" skipped="0" tests="3" time="11.384" timestamp="2026-09-01T12:12:45.773275+00:00" hostname="agent-env-17e652af-ecaa-472e-bc6e-83abdfb3a574"><testcase classname="tests.test_iter16_floorplan_regression.TestAutoDetectSideEffects" name="test_autodetect_preserves_existing_markers" time="11.029"><failure message="AssertionError: auto-detect wiped previously saved markers (data loss)&#10;assert False&#10; +  where False = any(&lt;generator object TestAutoDetectSideEffects.test_autodetect_preserves_existing_markers.&lt;locals&gt;.&lt;genexpr&gt; at 0xfebc52e83680&gt;)">E   AssertionError: auto-detect wiped previously saved markers (data loss)
    assert False
     +  where False = any(&lt;generator object TestAutoDetectSideEffects.test_autodetect_preserves_existing_markers.&lt;locals&gt;.&lt;genexpr&gt; at 0xfebc52e83680&gt;)</failure></testcase><testcase classname="tests.test_iter16_floorplan_regression.TestAutoDetectSideEffects" name="test_autodetect_does_not_accumulate_floorplan_documents" time="0.091"><failure message="AssertionError: 7 'Floor Plan' documents accumulated: ['edbe68fc-dc58-493a-8150-f500bc1175a0', '6f7e4839-947f-47c4-a8e5-ec0cf1c6d110', '7fd16ff7-2931-4c61-9743-5434f69e2fef', '6597a0bd-5c64-414c-8cc2-579beabd954f', '54588aaf-2888-499c-bf6a-80eb3c2d9965', 'b20a11cf-3107-461b-9679-d2166699467a', 'b8a916f6-04b0-4bfe-a2d2-2d4977d9a691']&#10;assert 7 &lt;= 1&#10; +  where 7 = len([{'id': 'edbe68fc-dc58-493a-8150-f500bc1175a0', 'project_id': '34850d44-8a95-40f4-b8a5-f733546807f1', 'storage_path': 'orthograph/uploads/edbe68fc-dc58-493a-8150-f500bc1175a0.png', 'original_filename': 'plan.png', ...}, {'id': '6f7e4839-947f-47c4-a8e5-ec0cf1c6d110', 'project_id': '34850d44-8a95-40f4-b8a5-f733546807f1', 'storage_path': 'orthograph/uploads/6f7e4839-947f-47c4-a8e5-ec0cf1c6d110.png', 'original_filename': 'floor-plan.png', ...}, {'id': '7fd16ff7-2931-4c61-9743-5434f69e2fef', 'project_id': '34850d44-8a95-40f4-b8a5-f733546807f1', 'storage_path': 'orthograph/uploads/7fd16ff7-2931-4c61-9743-5434f69e2fef.png', 'original_filename': 'floor-plan.png', ...}, {'id': '6597a0bd-5c64-414c-8cc2-579beabd954f', 'project_id': '34850d44-8a95-40f4-b8a5-f733546807f1', 'storage_path': 'orthograph/uploads/6597a0bd-5c64-414c-8cc2-579beabd954f.png', 'original_filename': 'floor-plan.png', ...}, {'id': '54588aaf-2888-499c-bf6a-80eb3c2d9965', 'project_id': '34850d44-8a95-40f4-b8a5-f733546807f1', 'storage_path': 'orthograph/uploads/54588aaf-2888-499c-bf6a-80eb3c2d9965.png', 'original_filename': 'floor-plan.png', ...}, {'id': 'b20a11cf-3107-461b-9679-d2166699467a', 'project_id': '34850d44-8a95-40f4-b8a5-f733546807f1', 'storage_path': 'orthograph/uploads/b20a11cf-3107-461b-9679-d2166699467a.png', 'original_filename': 'floor-plan.png', ...}, ...])">E   AssertionError: 7 'Floor Plan' documents accumulated: ['edbe68fc-dc58-493a-8150-f500bc1175a0', '6f7e4839-947f-47c4-a8e5-ec0cf1c6d110', '7fd16ff7-2931-4c61-9743-5434f69e2fef', '6597a0bd-5c64-414c-8cc2-579beabd954f', '54588aaf-2888-499c-bf6a-80eb3c2d9965', 'b20a11cf-3107-461b-9679-d2166699467a', 'b8a916f6-04b0-4bfe-a2d2-2d4977d9a691']
    assert 7 &lt;= 1
     +  where 7 = len([{'id': 'edbe68fc-dc58-493a-8150-f500bc1175a0', 'project_id': '34850d44-8a95-40f4-b8a5-f733546807f1', 'storage_path': 'orthograph/uploads/edbe68fc-dc58-493a-8150-f500bc1175a0.png', 'original_filename': 'plan.png', ...}, {'id': '6f7e4839-947f-47c4-a8e5-ec0cf1c6d110', 'project_id': '34850d44-8a95-40f4-b8a5-f733546807f1', 'storage_path': 'orthograph/uploads/6f7e4839-947f-47c4-a8e5-ec0cf1c6d110.png', 'original_filename': 'floor-plan.png', ...}, {'id': '7fd16ff7-2931-4c61-9743-5434f69e2fef', 'project_id': '34850d44-8a95-40f4-b8a5-f733546807f1', 'storage_path': 'orthograph/uploads/7fd16ff7-2931-4c61-9743-5434f69e2fef.png', 'original_filename': 'floor-plan.png', ...}, {'id': '6597a0bd-5c64-414c-8cc2-579beabd954f', 'project_id': '34850d44-8a95-40f4-b8a5-f733546807f1', 'storage_path': 'orthograph/uploads/6597a0bd-5c64-414c-8cc2-579beabd954f.png', 'original_filename': 'floor-plan.png', ...}, {'id': '54588aaf-2888-499c-bf6a-80eb3c2d9965', 'project_id': '34850d44-8a95-40f4-b8a5-f733546807f1', 'storage_path': 'orthograph/uploads/54588aaf-2888-499c-bf6a-80eb3c2d9965.png', 'original_filename': 'floor-plan.png', ...}, {'id': 'b20a11cf-3107-461b-9679-d2166699467a', 'project_id': '34850d44-8a95-40f4-b8a5-f733546807f1', 'storage_path': 'orthograph/uploads/b20a11cf-3107-461b-9679-d2166699467a.png', 'original_filename': 'floor-plan.png', ...}, ...])</failure></testcase><testcase classname="tests.test_iter16_floorplan_regression.TestAutoDetectSideEffects" name="test_cleanup_markers" time="0.212" /></testsuite></testsuites>