<?xml version="1.0" encoding="utf-8"?><testsuites name="pytest tests"><testsuite name="pytest" errors="0" failures="0" skipped="0" tests="16" time="25.567" timestamp="2026-09-01T11:25:31.183428+00:00" hostname="agent-env-17e652af-ecaa-472e-bc6e-83abdfb3a574"><testcase classname="tests.test_iter15_ref_reextract.TestRegression" name="test_dashboard" time="0.937" /><testcase classname="tests.test_iter15_ref_reextract.TestReference" name="test_patch_reference_persists" time="1.200" /><testcase classname="tests.test_iter15_ref_reextract.TestRegression" name="test_projects_and_clients" time="0.237" /><testcase classname="tests.test_iter15_ref_reextract.TestRegression" name="test_project_detail" time="0.074" /><testcase classname="tests.test_iter15_ref_reextract.TestReference" name="test_patch_reference_empty_422" time="0.153" /><testcase classname="tests.test_iter15_ref_reextract.TestRegression" name="test_pack_html" time="7.793" /><testcase classname="tests.test_iter15_ref_reextract.TestReference" name="test_patch_reference_missing_field_422" time="0.296" /><testcase classname="tests.test_iter15_ref_reextract.TestReference" name="test_patch_reference_unknown_project_404" time="0.142" /><testcase classname="tests.test_iter15_pack_content" name="test_no_stale_reextracting_flag_and_ref_restored" time="1.864" /><testcase classname="tests.test_iter15_pack_content" name="test_pack_html_content" time="10.047" /><testcase classname="tests.test_iter15_ref_reextract.TestRegression" name="test_pack_pdf" time="15.265" /><testcase classname="tests.test_iter15_ref_reextract.TestAddDocuments" name="test_add_documents_unknown_project_404" time="0.074" /><testcase classname="tests.test_iter15_ref_reextract.TestReextract" name="test_reextract_unknown_project_404" time="0.064" /><testcase classname="tests.test_iter15_ref_reextract.TestAuth" name="test_login_sets_httponly_cookie" time="0.526" /><testcase classname="tests.test_iter15_ref_reextract.TestAuth" name="test_unauthenticated_blocked" time="0.140" /><testcase classname="tests.test_iter15_ref_reextract.TestAuth" name="test_me" time="0.051" /></testsuite></testsuites>