<?xml version="1.0" encoding="utf-8"?><testsuites name="pytest tests"><testsuite name="pytest" errors="0" failures="1" skipped="0" tests="12" time="1.603" timestamp="2026-08-24T14:52:26.594602+00:00" hostname="agent-env-17e652af-ecaa-472e-bc6e-83abdfb3a574"><testcase classname="tests.backend_test.TestProjectDetail" name="test_hero_project_structure" time="0.285" /><testcase classname="tests.backend_test.TestPatchField" name="test_patch_simple_field_and_persist" time="0.595" /><testcase classname="tests.backend_test.TestProjectDetail" name="test_light_project_detail" time="0.071" /><testcase classname="tests.backend_test.TestProjectDetail" name="test_project_not_found" time="0.125" /><testcase classname="tests.backend_test.TestDashboard" name="test_dashboard_stats" time="0.064" /><testcase classname="tests.backend_test.TestDashboard" name="test_dashboard_projects_sorted_and_clean" time="0.078" /><testcase classname="tests.backend_test.TestPatchField" name="test_patch_nested_dotted_path" time="0.206" /><testcase classname="tests.backend_test.TestHealth" name="test_root" time="0.066" /><testcase classname="tests.backend_test.TestProjectsList" name="test_list_projects" time="0.074" /><testcase classname="tests.backend_test.TestPatchField" name="test_patch_unknown_project" time="0.073" /><testcase classname="tests.backend_test.TestPatchField" name="test_patch_invalid_payload" time="0.066" /><testcase classname="tests.backend_test.TestPatchField" name="test_patch_empty_path_rejected" time="0.076"><failure message="AssertionError: got 500: Internal Server Error&#10;assert 500 in (400, 422)&#10; +  where 500 = &lt;Response [500]&gt;.status_code">tests/backend_test.py:149: in test_patch_empty_path_rejected
    assert r.status_code in (400, 422), f"got {r.status_code}: {r.text[:300]}"
E   AssertionError: got 500: Internal Server Error
E   assert 500 in (400, 422)
E    +  where 500 = &lt;Response [500]&gt;.status_code</failure></testcase></testsuite></testsuites>